<?xml version="1.0"?>
<system>
	<name>junit_rc1_20090831</name>
	<language>Java</language>
	<description></description>
	<startingDate></startingDate>
	<numberOfDevelopers></numberOfDevelopers>
	<website></website>
	<versions>
		<version>
			<identification>
				<date></date>
				<vcs></vcs>
				<repository></repository>
				<version></version>
			</identification>
			<model>
				<file>
					<name>junit_rc1_20090831.mse</name>
					<format>MSE1.0</format>
				</file>
				<metamodel>FAMIX2.1</metamodel>
				<parser>
					<name>inFusion</name>
					<version>7.2.1</version>
				</parser>
				<particularities></particularities>
				<contributor>Richard Wettel</contributor>
				<properties>
					<property>
						<name>Number of packages</name>
						<type>absolute</type>
						<value>57</value>
					</property>
					<property>
						<name>Number of classes</name>
						<type>absolute</type>
						<value>562</value>
					</property>
					<property>
						<name>Number of lines of code</name>
						<type>absolute</type>
						<value>9381</value>
					</property>
					<property>
						<name>Number of (pure) brain classes</name>
						<type>absolute</type>
						<value>0</value>
					</property>
					<property>
						<name>Number of (pure) god classes</name>
						<type>absolute</type>
						<value>0</value>
					</property>
					<property>
						<name>Number of (both) brain and god classes</name>
						<type>absolute</type>
						<value>0</value>
					</property>
					<property>
						<name>Number of data classes</name>
						<type>absolute</type>
						<value>3</value>
					</property>
					<property>
						<name>Package nesting level</name>
						<type>minimum</type>
						<value>1</value>
					</property>
					<property>
						<name>Package nesting level</name>
						<type>maximum</type>
						<value>6</value>
					</property>
					<property>
						<name>Package nesting level</name>
						<type>average</type>
						<value>3.74</value>
					</property>
					<property>
						<name>Package nesting level</name>
						<type>stdev</type>
						<value>1.15</value>
					</property>
					<property>
						<name>Package nesting level</name>
						<type>median</type>
						<value>4.0</value>
					</property>
					<property>
						<name>Number of methods per class</name>
						<type>minimum</type>
						<value>0.0</value>
					</property>
					<property>
						<name>Number of methods per class</name>
						<type>maximum</type>
						<value>63.0</value>
					</property>
					<property>
						<name>Number of methods per class</name>
						<type>average</type>
						<value>3.51</value>
					</property>
					<property>
						<name>Number of methods per class</name>
						<type>stdev</type>
						<value>4.9</value>
					</property>
					<property>
						<name>Number of methods per class</name>
						<type>median</type>
						<value>2.0</value>
					</property>
					<property>
						<name>Number of attributes per class</name>
						<type>minimum</type>
						<value>0</value>
					</property>
					<property>
						<name>Number of attributes per class</name>
						<type>maximum</type>
						<value>8</value>
					</property>
					<property>
						<name>Number of attributes per class</name>
						<type>average</type>
						<value>0.72</value>
					</property>
					<property>
						<name>Number of attributes per class</name>
						<type>stdev</type>
						<value>1.19</value>
					</property>
					<property>
						<name>Number of attributes per class</name>
						<type>median</type>
						<value>0.0</value>
					</property>
					<property>
						<name>Number of lines of code per class</name>
						<type>minimum</type>
						<value>0.0</value>
					</property>
					<property>
						<name>Number of lines of code per class</name>
						<type>maximum</type>
						<value>367.0</value>
					</property>
					<property>
						<name>Number of lines of code per class</name>
						<type>average</type>
						<value>16.69</value>
					</property>
					<property>
						<name>Number of lines of code per class</name>
						<type>stdev</type>
						<value>29.81</value>
					</property>
					<property>
						<name>Number of lines of code per class</name>
						<type>median</type>
						<value>6.0</value>
					</property>
				</properties>
			</model>
		</version>
	</versions>
</system>
